= Host-specific information ====================================================
$> hostname; uname -msr
e1r5p17.42.fr
Darwin 15.3.0 x86_64
$> date
Mon Feb 15 17:55:23 CET 2016
$> gcc --version
Configured with: --prefix=/Applications/Xcode.app/Contents/Developer/usr --with-gxx-include-dir=/usr/include/c++/4.2.1
Apple LLVM version 7.0.2 (clang-700.1.81)
Target: x86_64-apple-darwin15.3.0
Thread model: posix
$> clang --version
Apple LLVM version 7.0.2 (clang-700.1.81)
Target: x86_64-apple-darwin15.3.0
Thread model: posix

= User files collection ========================================================
Collecting user files from Vogsphere
Repository URL: auto-exam/2016/c-exam-beginner/practice-exam_20160215/afillion2

= Git history ==================================================================
$> git -C /var/folders/cp/7qnvwr7n4gng3vrlfrkz9szm0000gq/T/tmpo5V2_f/user log --pretty='%H - %an, %ad : %s'
8984f73510759715aeec8cd1327db75d0b048927 - Alexis FILLION, Mon Feb 15 17:55:07 2016 +0100 : ft_countdown
 
= Collected files ==========================================
$> ls -lAR /var/folders/cp/7qnvwr7n4gng3vrlfrkz9szm0000gq/T/tmpo5V2_f/user
total 8
-rw-r--r--  1 deepthought  deepthought  227 Feb 15 17:55 __GIT_HISTORY
drwxr-xr-x  3 deepthought  deepthought  102 Feb 15 17:55 ft_countdown

/var/folders/cp/7qnvwr7n4gng3vrlfrkz9szm0000gq/T/tmpo5V2_f/user/ft_countdown:
total 8
-rw-r--r--  1 deepthought  deepthought  85 Feb 15 17:55 ft_countdown.c
 
= ft_countdown =================================================================
$> clang -Wextra -Wall -Werror ft_countdown.c -o user_exe 

= Test 1 ===================================================
$> ./ajs6fsol5shr6x2b1unso970
$> diff -U 3 user_output_test1 test1.output | cat -e

Diff OK :D
Grade: 1

= Final grade: 1 ===============================================================
