= Host-specific information ====================================================
$> hostname; uname -msr
e3r7p11.42.fr
Darwin 15.3.0 x86_64
$> date
Mon Feb 15 19:22:44 CET 2016
$> gcc --version
Configured with: --prefix=/Applications/Xcode.app/Contents/Developer/usr --with-gxx-include-dir=/usr/include/c++/4.2.1
Apple LLVM version 7.0.2 (clang-700.1.81)
Target: x86_64-apple-darwin15.3.0
Thread model: posix
$> clang --version
Apple LLVM version 7.0.2 (clang-700.1.81)
Target: x86_64-apple-darwin15.3.0
Thread model: posix

= User files collection ========================================================
Collecting user files from Vogsphere
Repository URL: auto-exam/2016/c-exam-beginner/practice-exam_20160215/afillion2

= Git history ==================================================================
$> git -C /var/folders/zv/m3ltkjgn4g542_mx1d7qf_rm0000gq/T/tmpDrR_cu/user log --pretty='%H - %an, %ad : %s'
75f60a082ec0faf8dc3a0ffed2555ad8e37fd52e - Alexis FILLION, Mon Feb 15 19:22:35 2016 +0100 : first_word
8984f73510759715aeec8cd1327db75d0b048927 - Alexis FILLION, Mon Feb 15 17:55:07 2016 +0100 : ft_countdown
 
= Collected files ==========================================
$> ls -lAR /var/folders/zv/m3ltkjgn4g542_mx1d7qf_rm0000gq/T/tmpDrR_cu/user
total 8
-rw-r--r--  1 deepthought  deepthought  484 Feb 15 19:22 __GIT_HISTORY
drwxr-xr-x  3 deepthought  deepthought  102 Feb 15 19:22 first_word
drwxr-xr-x  3 deepthought  deepthought  102 Feb 15 19:22 ft_countdown

/var/folders/zv/m3ltkjgn4g542_mx1d7qf_rm0000gq/T/tmpDrR_cu/user/first_word:
total 8
-rw-r--r--  1 deepthought  deepthought  412 Feb 15 19:22 first_word.c

/var/folders/zv/m3ltkjgn4g542_mx1d7qf_rm0000gq/T/tmpDrR_cu/user/ft_countdown:
total 8
-rw-r--r--  1 deepthought  deepthought  85 Feb 15 19:22 ft_countdown.c
 
= first_word ===================================================================
$> clang -Wextra -Wall -Werror first_word.c -o user_exe 

= Test 1 ===================================================
$> ./ufqwheo01z3uk1ll7c6pimlt 
$> diff -U 3 user_output_test1 test1.output | cat -e

Diff OK :D
= Test 2 ===================================================
$> ./5vuvi9fjak1iur2ltni27om5 
$> diff -U 3 user_output_test2 test2.output | cat -e

Diff OK :D
= Test 3 ===================================================
$> ./y13vn1733dg2lf060t1zgp3j "salut" "a" "tous" "tout" "le" "monde"
$> diff -U 3 user_output_test3 test3.output | cat -e

Diff OK :D
= Test 4 ===================================================
$> ./3rk07003mnvt0z6cfdc7nepg "fWZ6I9z"
$> diff -U 3 user_output_test4 test4.output | cat -e

Diff OK :D
= Test 5 ===================================================
$> ./urbwhem7m8mmbvvve78j99yd "iglJ6k1fvwKtY"
$> diff -U 3 user_output_test5 test5.output | cat -e

Diff OK :D
= Test 6 ===================================================
$> ./802q4hnioia3zgy3t92zl5z2 "skD"
$> diff -U 3 user_output_test6 test6.output | cat -e

Diff OK :D
= Test 7 ===================================================
$> ./xtdhrurhyspj92tt2y1ilwh5 "9m2DAWEhpl0zxLu cErlTdgo23mO1v8M kjIAh2KU Xinfslm84Y OvyFQYBI7eZo sMbf5hPw caQy7f04OIV 0lvK U8AC2cJ0aW xqvsIn ZELFWgvm4dYjenB CnS2I1hZBtWi6ToRl"
$> diff -U 3 user_output_test7 test7.output | cat -e

Diff OK :D
= Test 8 ===================================================
$> ./xm5r3bt9lf0gutkx29cc0pm1 "Jzm kQi LTI6HVOwsC5Z FpS JtW agorC43yH9"
$> diff -U 3 user_output_test8 test8.output | cat -e

Diff OK :D
= Test 9 ===================================================
$> ./ojg0jjr1fnqcskyggymahawt "j8iv 8OcaedMBgCu ENyYd kjCoev8fPVbF1cq 8GKOSZ VKJrSEnp02"
$> diff -U 3 user_output_test9 test9.output | cat -e

Diff OK :D
= Test 10 ==================================================
$> ./q0j1wkd7jnx4c08i1z8qy17y "	9ScNQRxVPyw<R8GLnbhv.3fnyXurtJL1A6W70SPqoOgnNI6D19Hc	,snIbXAkV5G-euiRhXzHDA1Q	+"
$> diff -U 3 user_output_test10 test10.output | cat -e
--- user_output_test10	2016-02-15 19:22:46.000000000 +0100$
+++ test10.output	2016-02-15 19:22:46.000000000 +0100$
@@ -1 +1 @@$
-$
+9ScNQRxVPyw<R8GLnbhv.3fnyXurtJL1A6W70SPqoOgnNI6D19Hc$

Diff KO :(
Grade: 0

= Final grade: 0 ===============================================================
